This file contains any messages produced by compilers while
running configure, to aid debugging if configure makes a mistake.

It was created by FRE NC Tools configure 18.0.0, which was
generated by GNU Autoconf 2.69.  Invocation command line was

  $ ../configure --prefix=/home/mzuniga/fre_remap/install

## --------- ##
## Platform. ##
## --------- ##

hostname = edison
uname -m = x86_64
uname -r = 5.4.0-54-generic
uname -s = Linux
uname -v = #60-Ubuntu SMP Fri Nov 6 10:37:59 UTC 2020

/usr/bin/uname -p = x86_64
/bin/uname -X     = unknown

/bin/arch              = x86_64
/usr/bin/arch -k       = unknown
/usr/convex/getsysinfo = unknown
/usr/bin/hostinfo      = unknown
/bin/machine           = unknown
/usr/bin/oslevel       = unknown
/bin/universe          = unknown

PATH: /home/mzuniga/tiger/tigervnc-1.10.1.x86_64/usr/bin
PATH: /home/mzuniga/.local/bin
PATH: /home/mzuniga/bin
PATH: /usr/local/sbin
PATH: /usr/local/bin
PATH: /usr/sbin
PATH: /usr/bin
PATH: /sbin
PATH: /bin
PATH: /usr/games
PATH: /usr/local/games
PATH: /snap/bin


## ----------- ##
## Core tests. ##
## ----------- ##

configure:2344: checking for a BSD-compatible install
configure:2412: result: /usr/bin/install -c
configure:2423: checking whether build environment is sane
configure:2478: result: yes
configure:2627: checking for a thread-safe mkdir -p
configure:2666: result: /usr/bin/mkdir -p
configure:2673: checking for gawk
configure:2703: result: no
configure:2673: checking for mawk
configure:2689: found /usr/bin/mawk
configure:2700: result: mawk
configure:2711: checking whether make sets $(MAKE)
configure:2733: result: yes
configure:2762: checking whether make supports nested variables
configure:2779: result: yes
configure:2951: checking for ranlib
configure:2967: found /usr/bin/ranlib
configure:2978: result: ranlib
configure:3004: checking whether make supports the include directive
configure:3019: make -f confmf.GNU && cat confinc.out
this is the am__doit target
configure:3022: $? = 0
configure:3041: result: yes (GNU style)
configure:3111: checking for gcc
configure:3138: result: mpicc
configure:3367: checking for C compiler version
configure:3376: mpicc --version >&5
gcc (Ubuntu 9.3.0-17ubuntu1~20.04) 9.3.0
Copyright (C) 2019 Free Software Foundation, Inc.
This is free software; see the source for copying conditions.  There is NO
warranty; not even for MERCHANTABILITY or FITNESS FOR A PARTICULAR PURPOSE.

configure:3387: $? = 0
configure:3376: mpicc -v >&5
Using built-in specs.
COLLECT_GCC=/usr/bin/gcc
COLLECT_LTO_WRAPPER=/usr/lib/gcc/x86_64-linux-gnu/9/lto-wrapper
OFFLOAD_TARGET_NAMES=nvptx-none:hsa
OFFLOAD_TARGET_DEFAULT=1
Target: x86_64-linux-gnu
Configured with: ../src/configure -v --with-pkgversion='Ubuntu 9.3.0-17ubuntu1~20.04' --with-bugurl=file:///usr/share/doc/gcc-9/README.Bugs --enable-languages=c,ada,c++,go,brig,d,fortran,objc,obj-c++,gm2 --prefix=/usr --with-gcc-major-version-only --program-suffix=-9 --program-prefix=x86_64-linux-gnu- --enable-shared --enable-linker-build-id --libexecdir=/usr/lib --without-included-gettext --enable-threads=posix --libdir=/usr/lib --enable-nls --enable-clocale=gnu --enable-libstdcxx-debug --enable-libstdcxx-time=yes --with-default-libstdcxx-abi=new --enable-gnu-unique-object --disable-vtable-verify --enable-plugin --enable-default-pie --with-system-zlib --with-target-system-zlib=auto --enable-objc-gc=auto --enable-multiarch --disable-werror --with-arch-32=i686 --with-abi=m64 --with-multilib-list=m32,m64,mx32 --enable-multilib --with-tune=generic --enable-offload-targets=nvptx-none=/build/gcc-9-HskZEa/gcc-9-9.3.0/debian/tmp-nvptx/usr,hsa --without-cuda-driver --enable-checking=release --build=x86_64-linux-gnu --host=x86_64-linux-gnu --target=x86_64-linux-gnu
Thread model: posix
gcc version 9.3.0 (Ubuntu 9.3.0-17ubuntu1~20.04) 
configure:3387: $? = 0
configure:3376: mpicc -V >&5
gcc: error: unrecognized command line option '-V'
gcc: fatal error: no input files
compilation terminated.
configure:3387: $? = 1
configure:3376: mpicc -qversion >&5
gcc: error: unrecognized command line option '-qversion'; did you mean '--version'?
gcc: fatal error: no input files
compilation terminated.
configure:3387: $? = 1
configure:3407: checking whether the C compiler works
configure:3429: mpicc -O0 -g -Wall -Wpedantic -Wextra  -I/usr/include -I/usr/include/hdf5/serial   -O0 -g -I/usr/include -I/usr/include/hdf5/serial  conftest.c  >&5
configure:3433: $? = 0
configure:3481: result: yes
configure:3484: checking for C compiler default output file name
configure:3486: result: a.out
configure:3492: checking for suffix of executables
configure:3499: mpicc -o conftest -O0 -g -Wall -Wpedantic -Wextra  -I/usr/include -I/usr/include/hdf5/serial   -O0 -g -I/usr/include -I/usr/include/hdf5/serial  conftest.c  >&5
configure:3503: $? = 0
configure:3525: result: 
configure:3547: checking whether we are cross compiling
configure:3555: mpicc -o conftest -O0 -g -Wall -Wpedantic -Wextra  -I/usr/include -I/usr/include/hdf5/serial   -O0 -g -I/usr/include -I/usr/include/hdf5/serial  conftest.c  >&5
configure:3559: $? = 0
configure:3566: ./conftest
configure:3570: $? = 0
configure:3558: result: no
configure:3563: checking for suffix of object files
configure:3585: mpicc -c -O0 -g -Wall -Wpedantic -Wextra  -I/usr/include -I/usr/include/hdf5/serial   conftest.c >&5
configure:3589: $? = 0
configure:3610: result: o
configure:3614: checking whether we are using the GNU C compiler
configure:3633: mpicc -c -O0 -g -Wall -Wpedantic -Wextra  -I/usr/include -I/usr/include/hdf5/serial   conftest.c >&5
configure:3633: $? = 0
configure:3642: result: yes
configure:3651: checking whether mpicc accepts -g
configure:3671: mpicc -c -g  conftest.c >&5
configure:3671: $? = 0
configure:3712: result: yes
configure:3729: checking for mpicc option to accept ISO C89
configure:3792: mpicc  -c -O0 -g -Wall -Wpedantic -Wextra  -I/usr/include -I/usr/include/hdf5/serial   conftest.c >&5
configure:3792: $? = 0
configure:3805: result: none needed
configure:3830: checking whether mpicc understands -c and -o together
configure:3852: mpicc -c conftest.c -o conftest2.o
configure:3855: $? = 0
configure:3852: mpicc -c conftest.c -o conftest2.o
configure:3855: $? = 0
configure:3867: result: yes
configure:3886: checking dependency style of mpicc
configure:3997: result: gcc3
configure:4062: checking for ar
configure:4078: found /usr/bin/ar
configure:4089: result: ar
configure:4115: checking the archiver (ar) interface
configure:4131: mpicc -c -O0 -g -Wall -Wpedantic -Wextra  -I/usr/include -I/usr/include/hdf5/serial   conftest.c >&5
configure:4131: $? = 0
configure:4133: ar cru libconftest.a conftest.o >&5
ar: `u' modifier ignored since `D' is the default (see `U')
configure:4136: $? = 0
configure:4135: result: ar
configure:4268: checking for C compiler version
configure:4277: mpicc --version >&5
gcc (Ubuntu 9.3.0-17ubuntu1~20.04) 9.3.0
Copyright (C) 2019 Free Software Foundation, Inc.
This is free software; see the source for copying conditions.  There is NO
warranty; not even for MERCHANTABILITY or FITNESS FOR A PARTICULAR PURPOSE.

configure:4288: $? = 0
configure:4277: mpicc -v >&5
Using built-in specs.
COLLECT_GCC=/usr/bin/gcc
COLLECT_LTO_WRAPPER=/usr/lib/gcc/x86_64-linux-gnu/9/lto-wrapper
OFFLOAD_TARGET_NAMES=nvptx-none:hsa
OFFLOAD_TARGET_DEFAULT=1
Target: x86_64-linux-gnu
Configured with: ../src/configure -v --with-pkgversion='Ubuntu 9.3.0-17ubuntu1~20.04' --with-bugurl=file:///usr/share/doc/gcc-9/README.Bugs --enable-languages=c,ada,c++,go,brig,d,fortran,objc,obj-c++,gm2 --prefix=/usr --with-gcc-major-version-only --program-suffix=-9 --program-prefix=x86_64-linux-gnu- --enable-shared --enable-linker-build-id --libexecdir=/usr/lib --without-included-gettext --enable-threads=posix --libdir=/usr/lib --enable-nls --enable-clocale=gnu --enable-libstdcxx-debug --enable-libstdcxx-time=yes --with-default-libstdcxx-abi=new --enable-gnu-unique-object --disable-vtable-verify --enable-plugin --enable-default-pie --with-system-zlib --with-target-system-zlib=auto --enable-objc-gc=auto --enable-multiarch --disable-werror --with-arch-32=i686 --with-abi=m64 --with-multilib-list=m32,m64,mx32 --enable-multilib --with-tune=generic --enable-offload-targets=nvptx-none=/build/gcc-9-HskZEa/gcc-9-9.3.0/debian/tmp-nvptx/usr,hsa --without-cuda-driver --enable-checking=release --build=x86_64-linux-gnu --host=x86_64-linux-gnu --target=x86_64-linux-gnu
Thread model: posix
gcc version 9.3.0 (Ubuntu 9.3.0-17ubuntu1~20.04) 
configure:4288: $? = 0
configure:4277: mpicc -V >&5
gcc: error: unrecognized command line option '-V'
gcc: fatal error: no input files
compilation terminated.
configure:4288: $? = 1
configure:4277: mpicc -qversion >&5
gcc: error: unrecognized command line option '-qversion'; did you mean '--version'?
gcc: fatal error: no input files
compilation terminated.
configure:4288: $? = 1
configure:4292: checking whether we are using the GNU C compiler
configure:4320: result: yes
configure:4329: checking whether mpicc accepts -g
configure:4390: result: yes
configure:4407: checking for mpicc option to accept ISO C89
configure:4483: result: none needed
configure:4508: checking whether mpicc understands -c and -o together
configure:4545: result: yes
configure:4564: checking dependency style of mpicc
configure:4675: result: gcc3
configure:4798: checking for Fortran compiler version
configure:4807: mpifort --version >&5
GNU Fortran (Ubuntu 9.3.0-17ubuntu1~20.04) 9.3.0
Copyright (C) 2019 Free Software Foundation, Inc.
This is free software; see the source for copying conditions.  There is NO
warranty; not even for MERCHANTABILITY or FITNESS FOR A PARTICULAR PURPOSE.

configure:4818: $? = 0
configure:4807: mpifort -v >&5
Using built-in specs.
COLLECT_GCC=/usr/bin/gfortran
COLLECT_LTO_WRAPPER=/usr/lib/gcc/x86_64-linux-gnu/9/lto-wrapper
OFFLOAD_TARGET_NAMES=nvptx-none:hsa
OFFLOAD_TARGET_DEFAULT=1
Target: x86_64-linux-gnu
Configured with: ../src/configure -v --with-pkgversion='Ubuntu 9.3.0-17ubuntu1~20.04' --with-bugurl=file:///usr/share/doc/gcc-9/README.Bugs --enable-languages=c,ada,c++,go,brig,d,fortran,objc,obj-c++,gm2 --prefix=/usr --with-gcc-major-version-only --program-suffix=-9 --program-prefix=x86_64-linux-gnu- --enable-shared --enable-linker-build-id --libexecdir=/usr/lib --without-included-gettext --enable-threads=posix --libdir=/usr/lib --enable-nls --enable-clocale=gnu --enable-libstdcxx-debug --enable-libstdcxx-time=yes --with-default-libstdcxx-abi=new --enable-gnu-unique-object --disable-vtable-verify --enable-plugin --enable-default-pie --with-system-zlib --with-target-system-zlib=auto --enable-objc-gc=auto --enable-multiarch --disable-werror --with-arch-32=i686 --with-abi=m64 --with-multilib-list=m32,m64,mx32 --enable-multilib --with-tune=generic --enable-offload-targets=nvptx-none=/build/gcc-9-HskZEa/gcc-9-9.3.0/debian/tmp-nvptx/usr,hsa --without-cuda-driver --enable-checking=release --build=x86_64-linux-gnu --host=x86_64-linux-gnu --target=x86_64-linux-gnu
Thread model: posix
gcc version 9.3.0 (Ubuntu 9.3.0-17ubuntu1~20.04) 
configure:4818: $? = 0
configure:4807: mpifort -V >&5
gfortran: error: unrecognized command line option '-V'
gfortran: fatal error: no input files
compilation terminated.
configure:4818: $? = 1
configure:4807: mpifort -qversion >&5
gfortran: error: unrecognized command line option '-qversion'; did you mean '--version'?
gfortran: fatal error: no input files
compilation terminated.
configure:4818: $? = 1
configure:4827: checking whether we are using the GNU Fortran compiler
configure:4840: mpifort -c  -Waliasing -ffree-line-length-none -fno-range-check -O0 -g -W -fbounds-check  -ffpe-trap=invalid,zero,overflow -I/usr/include   conftest.F >&5
configure:4840: $? = 0
configure:4849: result: yes
configure:4855: checking whether mpifort accepts -g
configure:4866: mpifort -c -g  conftest.f >&5
configure:4866: $? = 0
configure:4874: result: yes
configure:4907: checking whether mpifort understands -c and -o together
configure:4925: mpifort  -Waliasing -ffree-line-length-none -fno-range-check -O0 -g -W -fbounds-check  -ffpe-trap=invalid,zero,overflow -I/usr/include  -c conftest.f -o conftest2.o >&5
configure:4929: $? = 0
configure:4936: mpifort  -Waliasing -ffree-line-length-none -fno-range-check -O0 -g -W -fbounds-check  -ffpe-trap=invalid,zero,overflow -I/usr/include  -c conftest.f -o conftest2.o >&5
configure:4940: $? = 0
configure:4948: result: yes
configure:4967: checking for Fortran flag to compile .f90 files
configure:4987: mpifort -c  -Waliasing -ffree-line-length-none -fno-range-check -O0 -g -W -fbounds-check  -ffpe-trap=invalid,zero,overflow -I/usr/include   conftest.f90 >&5
configure:4987: $? = 0
configure:4996: result: none
configure:5022: checking for Fortran flag to compile .F90 files
configure:5042: mpifort -c  -Waliasing -ffree-line-length-none -fno-range-check -O0 -g -W -fbounds-check  -ffpe-trap=invalid,zero,overflow -I/usr/include   conftest.F90 >&5
configure:5042: $? = 0
configure:5051: result: none
configure:5083: checking for Fortran flag needed to accept unlimited column source lines
configure:5105: mpifort -c  -Waliasing -ffree-line-length-none -fno-range-check -O0 -g -W -fbounds-check  -ffpe-trap=invalid,zero,overflow -I/usr/include   conftest.F90 >&5
configure:5105: $? = 0
configure:5114: result: none
configure:5134: checking for Fortran flag needed to accept free-form source
configure:5153: mpifort -c  -Waliasing -ffree-line-length-none -fno-range-check -O0 -g -W -fbounds-check  -ffpe-trap=invalid,zero,overflow -I/usr/include   conftest.F90 >&5
configure:5153: $? = 0
configure:5162: result: none
configure:5178: checking Fortran 90 module extension
configure:5200: mpifort -c  -Waliasing -ffree-line-length-none -fno-range-check -O0 -g -W -fbounds-check  -ffpe-trap=invalid,zero,overflow -I/usr/include   conftest.F90 >&5
configure:5200: $? = 0
configure:5217: result: mod
configure:5230: checking for Fortran default REAL KIND 8 flag
configure:5257: mpifort -c  -Waliasing -ffree-line-length-none -fno-range-check -O0 -g -W -fbounds-check  -ffpe-trap=invalid,zero,overflow -I/usr/include   conftest.F90 >&5
conftest.F90:9:21:

    9 |      call test_sub(b)
      |                     1
Error: Type mismatch in argument 'a' at (1); passed REAL(4) to REAL(8)
configure:5257: $? = 1
configure: failed program was:
| 
|      program test
|      interface
|      subroutine test_sub(a)
|      real(kind=selected_real_kind(15,307)) :: a
|      end subroutine test_sub
|      end interface
|      real :: b=1.0
|      call test_sub(b)
|      end program test
configure:5257: mpifort -c  -Waliasing -ffree-line-length-none -fno-range-check -O0 -g -W -fbounds-check  -ffpe-trap=invalid,zero,overflow -I/usr/include  -fdefault-real-8  conftest.F90 >&5
configure:5257: $? = 0
configure:5266: result: -fdefault-real-8
configure:5291: checking for Fortran default REAL KIND 4 flag
configure:5318: mpifort -c  -Waliasing -ffree-line-length-none -fno-range-check -O0 -g -W -fbounds-check  -ffpe-trap=invalid,zero,overflow -I/usr/include   conftest.F90 >&5
configure:5318: $? = 0
configure:5327: result: none
configure:5347: checking for library containing ceil
configure:5378: mpicc -o conftest -O0 -g -Wall -Wpedantic -Wextra  -I/usr/include -I/usr/include/hdf5/serial   -O0 -g -I/usr/include -I/usr/include/hdf5/serial  conftest.c  >&5
conftest.c:18:6: warning: conflicting types for built-in function 'ceil'; expected 'double(double)' [-Wbuiltin-declaration-mismatch]
   18 | char ceil ();
      |      ^~~~
conftest.c:1:1: note: 'ceil' is declared in header '<math.h>'
    1 | /* confdefs.h */
/usr/bin/ld: /tmp/cc71kQj9.o: in function `main':
/home/mzuniga/fre_remap/FRE-NCtools/build/conftest.c:22: undefined reference to `ceil'
collect2: error: ld returned 1 exit status
configure:5378: $? = 1
configure: failed program was:
| /* confdefs.h */
| #define PACKAGE_NAME "FRE NC Tools"
| #define PACKAGE_TARNAME "fre-nctools"
| #define PACKAGE_VERSION "18.0.0"
| #define PACKAGE_STRING "FRE NC Tools 18.0.0"
| #define PACKAGE_BUGREPORT "oar.gfdl.help@noaa.gov"
| #define PACKAGE_URL "https://github.com/NOAA-GFDL/FRE-NCtools"
| #define PACKAGE "fre-nctools"
| #define VERSION "18.0.0"
| /* end confdefs.h.  */
| 
| /* Override any GCC internal prototype to avoid an error.
|    Use char because int might match the return type of a GCC
|    builtin and then its argument prototype would still apply.  */
| #ifdef __cplusplus
| extern "C"
| #endif
| char ceil ();
| int
| main ()
| {
| return ceil ();
|   ;
|   return 0;
| }
configure:5378: mpicc -o conftest -O0 -g -Wall -Wpedantic -Wextra  -I/usr/include -I/usr/include/hdf5/serial   -O0 -g -I/usr/include -I/usr/include/hdf5/serial  conftest.c -lm   >&5
conftest.c:18:6: warning: conflicting types for built-in function 'ceil'; expected 'double(double)' [-Wbuiltin-declaration-mismatch]
   18 | char ceil ();
      |      ^~~~
conftest.c:1:1: note: 'ceil' is declared in header '<math.h>'
    1 | /* confdefs.h */
configure:5378: $? = 0
configure:5395: result: -lm
configure:5407: checking for grep that handles long lines and -e
configure:5465: result: /usr/bin/grep
configure:5470: checking for a sed that does not truncate output
configure:5534: result: /usr/bin/sed
configure:5966: checking for gettid
configure:5966: mpicc -o conftest -O0 -g -Wall -Wpedantic -Wextra  -I/usr/include -I/usr/include/hdf5/serial   -O0 -g -I/usr/include -I/usr/include/hdf5/serial  conftest.c -lm  >&5
configure:5966: $? = 0
configure:5966: result: yes
configure:5983: checking for Fortran Cray Pointer flag
configure:6003: mpifort -c  -Waliasing -ffree-line-length-none -fno-range-check -O0 -g -W -fbounds-check  -ffpe-trap=invalid,zero,overflow -I/usr/include   conftest.F90 >&5
conftest.F90:5:13:

    5 |      pointer (ipt, iarr)
      |             1
Error: Cray pointer declaration at (1) requires '-fcray-pointer' flag
configure:6003: $? = 1
configure: failed program was:
| 
|      program test
|      integer(kind=8) :: ipt
|      integer iarri(10)
|      pointer (ipt, iarr)
|      end program test
configure:6003: mpifort -c  -Waliasing -ffree-line-length-none -fno-range-check -O0 -g -W -fbounds-check  -ffpe-trap=invalid,zero,overflow -I/usr/include  -fcray-pointer  conftest.F90 >&5
configure:6003: $? = 0
configure:6012: result: -fcray-pointer
configure:6046: checking for asciidoc
configure:6076: result: no
configure:6112: checking for bats
configure:6128: found /usr/bin/bats
configure:6139: result: bats
configure:6154: checking for prove
configure:6170: found /usr/bin/prove
configure:6181: result: prove
configure:6208: checking how to run the C preprocessor
configure:6239: mpicc -E  conftest.c
configure:6239: $? = 0
configure:6253: mpicc -E  conftest.c
conftest.c:13:10: fatal error: ac_nonexistent.h: No such file or directory
   13 | #include <ac_nonexistent.h>
      |          ^~~~~~~~~~~~~~~~~~
compilation terminated.
configure:6253: $? = 1
configure: failed program was:
| /* confdefs.h */
| #define PACKAGE_NAME "FRE NC Tools"
| #define PACKAGE_TARNAME "fre-nctools"
| #define PACKAGE_VERSION "18.0.0"
| #define PACKAGE_STRING "FRE NC Tools 18.0.0"
| #define PACKAGE_BUGREPORT "oar.gfdl.help@noaa.gov"
| #define PACKAGE_URL "https://github.com/NOAA-GFDL/FRE-NCtools"
| #define PACKAGE "fre-nctools"
| #define VERSION "18.0.0"
| #define HAVE_GETTID 1
| #define HAVE_CRAY_POINTER 1
| /* end confdefs.h.  */
| #include <ac_nonexistent.h>
configure:6278: result: mpicc -E
configure:6298: mpicc -E  conftest.c
configure:6298: $? = 0
configure:6312: mpicc -E  conftest.c
conftest.c:13:10: fatal error: ac_nonexistent.h: No such file or directory
   13 | #include <ac_nonexistent.h>
      |          ^~~~~~~~~~~~~~~~~~
compilation terminated.
configure:6312: $? = 1
configure: failed program was:
| /* confdefs.h */
| #define PACKAGE_NAME "FRE NC Tools"
| #define PACKAGE_TARNAME "fre-nctools"
| #define PACKAGE_VERSION "18.0.0"
| #define PACKAGE_STRING "FRE NC Tools 18.0.0"
| #define PACKAGE_BUGREPORT "oar.gfdl.help@noaa.gov"
| #define PACKAGE_URL "https://github.com/NOAA-GFDL/FRE-NCtools"
| #define PACKAGE "fre-nctools"
| #define VERSION "18.0.0"
| #define HAVE_GETTID 1
| #define HAVE_CRAY_POINTER 1
| /* end confdefs.h.  */
| #include <ac_nonexistent.h>
configure:6341: checking for egrep
configure:6403: result: /usr/bin/grep -E
configure:6408: checking for ANSI C header files
configure:6428: mpicc -c -O0 -g -Wall -Wpedantic -Wextra  -I/usr/include -I/usr/include/hdf5/serial   conftest.c >&5
configure:6428: $? = 0
configure:6501: mpicc -o conftest -O0 -g -Wall -Wpedantic -Wextra  -I/usr/include -I/usr/include/hdf5/serial   -O0 -g -I/usr/include -I/usr/include/hdf5/serial  conftest.c -lm  >&5
configure:6501: $? = 0
configure:6501: ./conftest
configure:6501: $? = 0
configure:6512: result: yes
configure:6525: checking for sys/types.h
configure:6525: mpicc -c -O0 -g -Wall -Wpedantic -Wextra  -I/usr/include -I/usr/include/hdf5/serial   conftest.c >&5
configure:6525: $? = 0
configure:6525: result: yes
configure:6525: checking for sys/stat.h
configure:6525: mpicc -c -O0 -g -Wall -Wpedantic -Wextra  -I/usr/include -I/usr/include/hdf5/serial   conftest.c >&5
configure:6525: $? = 0
configure:6525: result: yes
configure:6525: checking for stdlib.h
configure:6525: mpicc -c -O0 -g -Wall -Wpedantic -Wextra  -I/usr/include -I/usr/include/hdf5/serial   conftest.c >&5
configure:6525: $? = 0
configure:6525: result: yes
configure:6525: checking for string.h
configure:6525: mpicc -c -O0 -g -Wall -Wpedantic -Wextra  -I/usr/include -I/usr/include/hdf5/serial   conftest.c >&5
configure:6525: $? = 0
configure:6525: result: yes
configure:6525: checking for memory.h
configure:6525: mpicc -c -O0 -g -Wall -Wpedantic -Wextra  -I/usr/include -I/usr/include/hdf5/serial   conftest.c >&5
configure:6525: $? = 0
configure:6525: result: yes
configure:6525: checking for strings.h
configure:6525: mpicc -c -O0 -g -Wall -Wpedantic -Wextra  -I/usr/include -I/usr/include/hdf5/serial   conftest.c >&5
configure:6525: $? = 0
configure:6525: result: yes
configure:6525: checking for inttypes.h
configure:6525: mpicc -c -O0 -g -Wall -Wpedantic -Wextra  -I/usr/include -I/usr/include/hdf5/serial   conftest.c >&5
configure:6525: $? = 0
configure:6525: result: yes
configure:6525: checking for stdint.h
configure:6525: mpicc -c -O0 -g -Wall -Wpedantic -Wextra  -I/usr/include -I/usr/include/hdf5/serial   conftest.c >&5
configure:6525: $? = 0
configure:6525: result: yes
configure:6525: checking for unistd.h
configure:6525: mpicc -c -O0 -g -Wall -Wpedantic -Wextra  -I/usr/include -I/usr/include/hdf5/serial   conftest.c >&5
configure:6525: $? = 0
configure:6525: result: yes
configure:6570: checking for nc-config
configure:6588: found /usr/bin/nc-config
configure:6600: result: /usr/bin/nc-config
configure:6773: checking for NetCDF libraries
configure:6826: result: yes (version 4.7.3)
configure:6842: checking netcdf.h usability
configure:6842: mpicc -c -I/usr/include -I/usr/include/hdf5/serial -I/usr/include -I/usr/include/hdf5/serial conftest.c >&5
configure:6842: $? = 0
configure:6842: result: yes
configure:6842: checking netcdf.h presence
configure:6842: mpicc -E -I/usr/include -I/usr/include/hdf5/serial conftest.c
configure:6842: $? = 0
configure:6842: result: yes
configure:6842: checking for netcdf.h
configure:6842: result: yes
configure:6850: checking for nc_create in -lnetcdf
configure:6875: mpicc -o conftest -I/usr/include -I/usr/include/hdf5/serial -I/usr/include -I/usr/include/hdf5/serial -L/usr/lib/x86_64-linux-gnu/hdf5/serial -L/usr/lib/x86_64-linux-gnu  conftest.c -lnetcdf  -lnetcdf  >&5
configure:6875: $? = 0
configure:6884: result: yes
configure:6954: checking for nf-config
configure:6972: found /usr/bin/nf-config
configure:6984: result: /usr/bin/nf-config
configure:7157: checking for NetCDF Fortran libraries
configure:7206: result: yes (version 4.5.2)
configure:7229: checking for Fortran flag to compile .F90 files
configure:7258: result: none
configure:7281: checking for netcdf.inc is available
configure:7288: mpifort -c -I/usr/include  conftest.F90 >&5
configure:7288: $? = 0
configure:7294: result: yes
configure:7298: checking if F90 netCDF bindings are available
configure:7305: mpifort -c -I/usr/include  conftest.F90 >&5
configure:7305: $? = 0
configure:7311: result: yes
configure:7315: checking if F90 netCDF library usable
configure:7326: mpifort -o conftest -I/usr/include -L/usr/lib/x86_64-linux-gnu   conftest.F90 -lm -ldl -lnetcdff  >&5
configure:7326: $? = 0
configure:7333: result: yes
configure:7486: checking that generated files are newer than configure
configure:7492: result: done
configure:7531: creating ./config.status

## ---------------------- ##
## Running config.status. ##
## ---------------------- ##

This file was extended by FRE NC Tools config.status 18.0.0, which was
generated by GNU Autoconf 2.69.  Invocation command line was

  CONFIG_FILES    = 
  CONFIG_HEADERS  = 
  CONFIG_LINKS    = 
  CONFIG_COMMANDS = 
  $ ./config.status 

on edison

config.status:925: creating Makefile
config.status:925: creating postprocessing/combine_blobs/Makefile
config.status:925: creating postprocessing/combine_restarts/Makefile
config.status:925: creating postprocessing/iceberg_comb/Makefile
config.status:925: creating postprocessing/land_utils/Makefile
config.status:925: creating postprocessing/list_ncvars/Makefile
config.status:925: creating postprocessing/mppnccombine/Makefile
config.status:925: creating postprocessing/plevel/Makefile
config.status:925: creating postprocessing/split_ncvars/Makefile
config.status:925: creating postprocessing/timavg/Makefile
config.status:925: creating tools/libfrencutils/Makefile
config.status:925: creating tools/check_mask/Makefile
config.status:925: creating tools/cubic_utils/Makefile
config.status:925: creating tools/fregrid/Makefile
config.status:925: creating tools/make_coupler_mosaic/Makefile
config.status:925: creating tools/make_hgrid/Makefile
config.status:925: creating tools/make_land_domain/Makefile
config.status:925: creating tools/make_quick_mosaic/Makefile
config.status:925: creating tools/make_regional_mosaic/Makefile
config.status:925: creating tools/make_solo_mosaic/Makefile
config.status:925: creating tools/make_topog/Makefile
config.status:925: creating tools/make_vgrid/Makefile
config.status:925: creating tools/mppncscatter/Makefile
config.status:925: creating tools/ncexists/Makefile
config.status:925: creating tools/nc_null_check/Makefile
config.status:925: creating tools/remap_land/Makefile
config.status:925: creating tools/river_regrid/Makefile
config.status:925: creating tools/runoff_regrid/Makefile
config.status:925: creating tools/transfer_to_mosaic_grid/Makefile
config.status:925: creating t/Makefile
config.status:925: creating tools/simple_hydrog/Makefile
config.status:925: creating tools/simple_hydrog/postp/Makefile
config.status:925: creating tools/simple_hydrog/lakes/Makefile
config.status:925: creating tools/simple_hydrog/rmvpr/Makefile
config.status:925: creating config.h
config.status:1139: executing depfiles commands
config.status:1216: cd postprocessing/combine_blobs       && sed -e '/# am--include-marker/d' Makefile         | make -f - am--depfiles
config.status:1221: $? = 0
config.status:1216: cd postprocessing/land_utils       && sed -e '/# am--include-marker/d' Makefile         | make -f - am--depfiles
config.status:1221: $? = 0
config.status:1216: cd postprocessing/mppnccombine       && sed -e '/# am--include-marker/d' Makefile         | make -f - am--depfiles
config.status:1221: $? = 0
config.status:1216: cd tools/libfrencutils       && sed -e '/# am--include-marker/d' Makefile         | make -f - am--depfiles
config.status:1221: $? = 0
config.status:1216: cd tools/check_mask       && sed -e '/# am--include-marker/d' Makefile         | make -f - am--depfiles
config.status:1221: $? = 0
config.status:1216: cd tools/cubic_utils       && sed -e '/# am--include-marker/d' Makefile         | make -f - am--depfiles
config.status:1221: $? = 0
config.status:1216: cd tools/fregrid       && sed -e '/# am--include-marker/d' Makefile         | make -f - am--depfiles
config.status:1221: $? = 0
config.status:1216: cd tools/make_coupler_mosaic       && sed -e '/# am--include-marker/d' Makefile         | make -f - am--depfiles
config.status:1221: $? = 0
config.status:1216: cd tools/make_hgrid       && sed -e '/# am--include-marker/d' Makefile         | make -f - am--depfiles
config.status:1221: $? = 0
config.status:1216: cd tools/make_land_domain       && sed -e '/# am--include-marker/d' Makefile         | make -f - am--depfiles
config.status:1221: $? = 0
config.status:1216: cd tools/make_quick_mosaic       && sed -e '/# am--include-marker/d' Makefile         | make -f - am--depfiles
config.status:1221: $? = 0
config.status:1216: cd tools/make_regional_mosaic       && sed -e '/# am--include-marker/d' Makefile         | make -f - am--depfiles
config.status:1221: $? = 0
config.status:1216: cd tools/make_solo_mosaic       && sed -e '/# am--include-marker/d' Makefile         | make -f - am--depfiles
config.status:1221: $? = 0
config.status:1216: cd tools/make_topog       && sed -e '/# am--include-marker/d' Makefile         | make -f - am--depfiles
config.status:1221: $? = 0
config.status:1216: cd tools/make_vgrid       && sed -e '/# am--include-marker/d' Makefile         | make -f - am--depfiles
config.status:1221: $? = 0
config.status:1216: cd tools/mppncscatter       && sed -e '/# am--include-marker/d' Makefile         | make -f - am--depfiles
config.status:1221: $? = 0
config.status:1216: cd tools/ncexists       && sed -e '/# am--include-marker/d' Makefile         | make -f - am--depfiles
config.status:1221: $? = 0
config.status:1216: cd tools/remap_land       && sed -e '/# am--include-marker/d' Makefile         | make -f - am--depfiles
config.status:1221: $? = 0
config.status:1216: cd tools/river_regrid       && sed -e '/# am--include-marker/d' Makefile         | make -f - am--depfiles
config.status:1221: $? = 0
config.status:1216: cd tools/runoff_regrid       && sed -e '/# am--include-marker/d' Makefile         | make -f - am--depfiles
config.status:1221: $? = 0
config.status:1216: cd tools/transfer_to_mosaic_grid       && sed -e '/# am--include-marker/d' Makefile         | make -f - am--depfiles
config.status:1221: $? = 0
config.status:1216: cd tools/simple_hydrog/lakes       && sed -e '/# am--include-marker/d' Makefile         | make -f - am--depfiles
config.status:1221: $? = 0

## ---------------- ##
## Cache variables. ##
## ---------------- ##

ac_cv_c_compiler_gnu=yes
ac_cv_env_CC_set=set
ac_cv_env_CC_value=mpicc
ac_cv_env_CFLAGS_set=set
ac_cv_env_CFLAGS_value='-O0 -g -Wall -Wpedantic -Wextra  -I/usr/include -I/usr/include/hdf5/serial '
ac_cv_env_CPPFLAGS_set=
ac_cv_env_CPPFLAGS_value=
ac_cv_env_CPP_set=
ac_cv_env_CPP_value=
ac_cv_env_FCFLAGS_set=set
ac_cv_env_FCFLAGS_value=' -Waliasing -ffree-line-length-none -fno-range-check -O0 -g -W -fbounds-check  -ffpe-trap=invalid,zero,overflow -I/usr/include '
ac_cv_env_FC_set=set
ac_cv_env_FC_value=mpifort
ac_cv_env_LDFLAGS_set=set
ac_cv_env_LDFLAGS_value='-O0 -g -I/usr/include -I/usr/include/hdf5/serial '
ac_cv_env_LIBS_set=
ac_cv_env_LIBS_value=
ac_cv_env_build_alias_set=
ac_cv_env_build_alias_value=
ac_cv_env_host_alias_set=
ac_cv_env_host_alias_value=
ac_cv_env_target_alias_set=
ac_cv_env_target_alias_value=
ac_cv_fc_compiler_gnu=yes
ac_cv_fc_freeform=none
ac_cv_fc_line_length=none
ac_cv_fc_module_ext=mod
ac_cv_fc_srcext_F90=none
ac_cv_fc_srcext_f90=none
ac_cv_func_gettid=yes
ac_cv_header_inttypes_h=yes
ac_cv_header_memory_h=yes
ac_cv_header_netcdf_h=yes
ac_cv_header_stdc=yes
ac_cv_header_stdint_h=yes
ac_cv_header_stdlib_h=yes
ac_cv_header_string_h=yes
ac_cv_header_strings_h=yes
ac_cv_header_sys_stat_h=yes
ac_cv_header_sys_types_h=yes
ac_cv_header_unistd_h=yes
ac_cv_lib_netcdf_nc_create=yes
ac_cv_libnetcdf=yes
ac_cv_libnetcdff=yes
ac_cv_netcdf_h=yes
ac_cv_netcdff_inc=yes
ac_cv_netcdff_mod=yes
ac_cv_objext=o
ac_cv_path_EGREP='/usr/bin/grep -E'
ac_cv_path_GREP=/usr/bin/grep
ac_cv_path_NC_CONFIG=/usr/bin/nc-config
ac_cv_path_NF_CONFIG=/usr/bin/nf-config
ac_cv_path_SED=/usr/bin/sed
ac_cv_path_install='/usr/bin/install -c'
ac_cv_path_mkdir=/usr/bin/mkdir
ac_cv_prog_AWK=mawk
ac_cv_prog_BATS=bats
ac_cv_prog_CPP='mpicc -E'
ac_cv_prog_PROVE=prove
ac_cv_prog_ac_ct_AR=ar
ac_cv_prog_ac_ct_CC=mpicc
ac_cv_prog_ac_ct_RANLIB=ranlib
ac_cv_prog_cc_c89=
ac_cv_prog_cc_g=yes
ac_cv_prog_fc_c_o=yes
ac_cv_prog_fc_g=yes
ac_cv_prog_make_make_set=yes
ac_cv_search_ceil=-lm
am_cv_CC_dependencies_compiler_type=gcc3
am_cv_ar_interface=ar
am_cv_make_support_nested_variables=yes
am_cv_prog_cc_c_o=yes
gx_cv_fc_cray_ptr_flag=-fcray-pointer
gx_cv_fc_default_real_kind4_flag=none
gx_cv_fc_default_real_kind8_flag=-fdefault-real-8

## ----------------- ##
## Output variables. ##
## ----------------- ##

ACLOCAL='${SHELL} /home/mzuniga/fre_remap/FRE-NCtools/missing aclocal-1.16'
AMDEPBACKSLASH='\'
AMDEP_FALSE='#'
AMDEP_TRUE=''
AMTAR='$${TAR-tar}'
AM_BACKSLASH='\'
AM_DEFAULT_V='$(AM_DEFAULT_VERBOSITY)'
AM_DEFAULT_VERBOSITY='1'
AM_V='$(V)'
AR='ar'
ASCIIDOC=''
AUTOCONF='${SHELL} /home/mzuniga/fre_remap/FRE-NCtools/missing autoconf'
AUTOHEADER='${SHELL} /home/mzuniga/fre_remap/FRE-NCtools/missing autoheader'
AUTOMAKE='${SHELL} /home/mzuniga/fre_remap/FRE-NCtools/missing automake-1.16'
AWK='mawk'
BATS='bats'
CC='mpicc'
CCDEPMODE='depmode=gcc3'
CFLAGS='-O0 -g -Wall -Wpedantic -Wextra  -I/usr/include -I/usr/include/hdf5/serial '
CPP='mpicc -E'
CPPFLAGS=''
CYGPATH_W='echo'
DEFS='-DHAVE_CONFIG_H'
DEPDIR='.deps'
ECHO_C=''
ECHO_N='-n'
ECHO_T=''
EGREP='/usr/bin/grep -E'
EXEEXT=''
FC='mpifort'
FCFLAGS=' -Waliasing -ffree-line-length-none -fno-range-check -O0 -g -W -fbounds-check  -ffpe-trap=invalid,zero,overflow -I/usr/include  -fcray-pointer'
FCFLAGS_F90=''
FCFLAGS_f90=''
FC_CRAY_POINTER_FLAG='-fcray-pointer'
FC_DEFAULT_REAL_KIND4_FLAG=''
FC_DEFAULT_REAL_KIND8_FLAG='-fdefault-real-8'
FC_MODEXT='mod'
GREP='/usr/bin/grep'
INSTALL_DATA='${INSTALL} -m 644'
INSTALL_PROGRAM='${INSTALL}'
INSTALL_SCRIPT='${INSTALL}'
INSTALL_STRIP_PROGRAM='$(install_sh) -c -s'
LDFLAGS='-O0 -g -I/usr/include -I/usr/include/hdf5/serial '
LIBOBJS=''
LIBS='-lm '
LTLIBOBJS=''
MAKEINFO='${SHELL} /home/mzuniga/fre_remap/FRE-NCtools/missing makeinfo'
MKDIR_P='/usr/bin/mkdir -p'
MPICC=''
MPI_CFLAGS=''
MPI_CLDFLAGS=''
NC_CONFIG='/usr/bin/nc-config'
NETCDFF_VERSION='4.5.2'
NETCDF_CC='/usr/bin/cc'
NETCDF_CFLAGS='-I/usr/include -I/usr/include/hdf5/serial'
NETCDF_FC='gfortran'
NETCDF_FCFLAGS='-I/usr/include'
NETCDF_FCLDFLAGS='-L/usr/lib/x86_64-linux-gnu '
NETCDF_FCLIBS='-lm -ldl -lnetcdff '
NETCDF_LDFLAGS='-L/usr/lib/x86_64-linux-gnu/hdf5/serial -L/usr/lib/x86_64-linux-gnu '
NETCDF_LIBS='-lnetcdf '
NETCDF_VERSION='4.7.3'
NF_CONFIG='/usr/bin/nf-config'
OBJEXT='o'
PACKAGE='fre-nctools'
PACKAGE_BUGREPORT='oar.gfdl.help@noaa.gov'
PACKAGE_NAME='FRE NC Tools'
PACKAGE_STRING='FRE NC Tools 18.0.0'
PACKAGE_TARNAME='fre-nctools'
PACKAGE_URL='https://github.com/NOAA-GFDL/FRE-NCtools'
PACKAGE_VERSION='18.0.0'
PATH_SEPARATOR=':'
PROVE='prove'
RANLIB='ranlib'
SED='/usr/bin/sed'
SET_MAKE=''
SHELL='/bin/bash'
STRIP=''
VERSION='18.0.0'
WITH_ASCIIDOC_FALSE=''
WITH_ASCIIDOC_TRUE='#'
WITH_CHECK_PROGS_FALSE='#'
WITH_CHECK_PROGS_TRUE=''
WITH_MPI_FALSE=''
WITH_MPI_TRUE='#'
ac_ct_AR='ar'
ac_ct_CC='mpicc'
ac_ct_FC=''
am__EXEEXT_FALSE=''
am__EXEEXT_TRUE='#'
am__fastdepCC_FALSE='#'
am__fastdepCC_TRUE=''
am__include='include'
am__isrc=' -I$(srcdir)'
am__leading_dot='.'
am__nodep='_no'
am__quote=''
am__tar='$${TAR-tar} chof - "$$tardir"'
am__untar='$${TAR-tar} xf -'
bindir='${exec_prefix}/bin'
build_alias=''
datadir='${datarootdir}'
datarootdir='${prefix}/share'
docdir='${datarootdir}/doc/${PACKAGE_TARNAME}'
dvidir='${docdir}'
exec_prefix='${prefix}'
host_alias=''
htmldir='${docdir}'
includedir='${prefix}/include'
infodir='${datarootdir}/info'
install_sh='${SHELL} /home/mzuniga/fre_remap/FRE-NCtools/install-sh'
libdir='${exec_prefix}/lib'
libexecdir='${exec_prefix}/libexec'
localedir='${datarootdir}/locale'
localstatedir='${prefix}/var'
mandir='${datarootdir}/man'
mkdir_p='$(MKDIR_P)'
oldincludedir='/usr/include'
pdfdir='${docdir}'
prefix='/home/mzuniga/fre_remap/install'
program_transform_name='s,x,x,'
psdir='${docdir}'
runstatedir='${localstatedir}/run'
sbindir='${exec_prefix}/sbin'
sharedstatedir='${prefix}/com'
sysconfdir='${prefix}/etc'
target_alias=''

## ----------- ##
## confdefs.h. ##
## ----------- ##

/* confdefs.h */
#define PACKAGE_NAME "FRE NC Tools"
#define PACKAGE_TARNAME "fre-nctools"
#define PACKAGE_VERSION "18.0.0"
#define PACKAGE_STRING "FRE NC Tools 18.0.0"
#define PACKAGE_BUGREPORT "oar.gfdl.help@noaa.gov"
#define PACKAGE_URL "https://github.com/NOAA-GFDL/FRE-NCtools"
#define PACKAGE "fre-nctools"
#define VERSION "18.0.0"
#define HAVE_GETTID 1
#define HAVE_CRAY_POINTER 1
#define STDC_HEADERS 1
#define HAVE_SYS_TYPES_H 1
#define HAVE_SYS_STAT_H 1
#define HAVE_STDLIB_H 1
#define HAVE_STRING_H 1
#define HAVE_MEMORY_H 1
#define HAVE_STRINGS_H 1
#define HAVE_INTTYPES_H 1
#define HAVE_STDINT_H 1
#define HAVE_UNISTD_H 1
#define HAVE_NETCDF 1
#define HAVE_NETCDFF 1
#define GIT_REVISION "v2.16.0-281-g4099b3b-dirty"

configure: exit 0
